{
"contracts/Raffle.sol":{"l":{"61":3,"62":3,"63":3,"64":3,"65":3,"66":3,"67":3,"68":3,"72":5,"73":1,"75":4,"76":1,"78":3,"79":3,"94":1,"95":1,"96":1,"97":1,"98":1,"99":1,"103":1,"104":1,"105":0,"112":1,"113":1,"120":1,"127":0,"128":0,"129":0,"130":0,"131":0,"132":0,"133":0,"135":0,"136":0,"138":0,"143":5,"147":1,"151":0,"155":1,"159":0,"163":0,"167":0,"171":0,"175":6},"path":"/home/ethan1elohim/hardhat-smartcontract-lottery/contracts/Raffle.sol","s":{"1":5,"2":4,"3":3,"4":3,"5":1,"6":1,"7":1,"8":1,"9":1,"10":1,"11":1,"12":1,"13":1,"14":0,"15":0,"16":0,"17":0,"18":0,"19":5,"20":1,"21":0,"22":1,"23":0,"24":0,"25":0,"26":0,"27":6},"b":{"1":[1,4],"2":[1,3],"3":[0,1],"4":[0,0]},"f":{"1":3,"2":5,"3":1,"4":1,"5":0,"6":5,"7":1,"8":0,"9":1,"10":0,"11":0,"12":0,"13":0,"14":6},"fnMap":{"1":{"name":"constructor","line":60,"loc":{"start":{"line":53,"column":4},"end":{"line":69,"column":4}}},"2":{"name":"enterRaffle","line":71,"loc":{"start":{"line":71,"column":4},"end":{"line":80,"column":4}}},"3":{"name":"checkUpkeep","line":91,"loc":{"start":{"line":91,"column":4},"end":{"line":100,"column":4}}},"4":{"name":"performUpkeep","line":102,"loc":{"start":{"line":102,"column":4},"end":{"line":121,"column":4}}},"5":{"name":"fulfillRandomWords","line":123,"loc":{"start":{"line":123,"column":4},"end":{"line":139,"column":4}}},"6":{"name":"getEntranceFee","line":142,"loc":{"start":{"line":142,"column":4},"end":{"line":144,"column":4}}},"7":{"name":"getPlayer","line":146,"loc":{"start":{"line":146,"column":4},"end":{"line":148,"column":4}}},"8":{"name":"getRecentWinner","line":150,"loc":{"start":{"line":150,"column":4},"end":{"line":152,"column":4}}},"9":{"name":"getRaffleState","line":154,"loc":{"start":{"line":154,"column":4},"end":{"line":156,"column":4}}},"10":{"name":"getNumWords","line":158,"loc":{"start":{"line":158,"column":4},"end":{"line":160,"column":4}}},"11":{"name":"getNumberOfPlayers","line":162,"loc":{"start":{"line":162,"column":4},"end":{"line":164,"column":4}}},"12":{"name":"getLatestTimeStamp","line":166,"loc":{"start":{"line":166,"column":4},"end":{"line":168,"column":4}}},"13":{"name":"getRequestConfirmations","line":170,"loc":{"start":{"line":170,"column":4},"end":{"line":172,"column":4}}},"14":{"name":"getInterval","line":174,"loc":{"start":{"line":174,"column":4},"end":{"line":176,"column":4}}}},"statementMap":{"1":{"start":{"line":72,"column":8},"end":{"line":72,"column":2552}},"2":{"start":{"line":75,"column":8},"end":{"line":75,"column":2653}},"3":{"start":{"line":78,"column":8},"end":{"line":78,"column":42}},"4":{"start":{"line":79,"column":8},"end":{"line":79,"column":36}},"5":{"start":{"line":94,"column":8},"end":{"line":94,"column":55}},"6":{"start":{"line":95,"column":8},"end":{"line":95,"column":76}},"7":{"start":{"line":96,"column":8},"end":{"line":96,"column":46}},"8":{"start":{"line":97,"column":8},"end":{"line":97,"column":51}},"9":{"start":{"line":99,"column":8},"end":{"line":99,"column":36}},"10":{"start":{"line":103,"column":8},"end":{"line":103,"column":47}},"11":{"start":{"line":104,"column":8},"end":{"line":104,"column":3918}},"12":{"start":{"line":113,"column":8},"end":{"line":113,"column":4179}},"13":{"start":{"line":120,"column":8},"end":{"line":120,"column":45}},"14":{"start":{"line":127,"column":8},"end":{"line":127,"column":65}},"15":{"start":{"line":128,"column":8},"end":{"line":128,"column":63}},"16":{"start":{"line":133,"column":8},"end":{"line":133,"column":78}},"17":{"start":{"line":135,"column":8},"end":{"line":135,"column":4987}},"18":{"start":{"line":138,"column":8},"end":{"line":138,"column":39}},"19":{"start":{"line":143,"column":8},"end":{"line":143,"column":28}},"20":{"start":{"line":147,"column":8},"end":{"line":147,"column":31}},"21":{"start":{"line":151,"column":8},"end":{"line":151,"column":29}},"22":{"start":{"line":155,"column":8},"end":{"line":155,"column":28}},"23":{"start":{"line":159,"column":8},"end":{"line":159,"column":24}},"24":{"start":{"line":163,"column":8},"end":{"line":163,"column":31}},"25":{"start":{"line":167,"column":8},"end":{"line":167,"column":30}},"26":{"start":{"line":171,"column":8},"end":{"line":171,"column":36}},"27":{"start":{"line":175,"column":8},"end":{"line":175,"column":25}}},"branchMap":{"1":{"line":72,"type":"if","locations":[{"start":{"line":72,"column":8},"end":{"line":72,"column":8}},{"start":{"line":72,"column":8},"end":{"line":72,"column":8}}]},"2":{"line":75,"type":"if","locations":[{"start":{"line":75,"column":8},"end":{"line":75,"column":8}},{"start":{"line":75,"column":8},"end":{"line":75,"column":8}}]},"3":{"line":104,"type":"if","locations":[{"start":{"line":104,"column":8},"end":{"line":104,"column":8}},{"start":{"line":104,"column":8},"end":{"line":104,"column":8}}]},"4":{"line":135,"type":"if","locations":[{"start":{"line":135,"column":8},"end":{"line":135,"column":8}},{"start":{"line":135,"column":8},"end":{"line":135,"column":8}}]}}},
"contracts/test/VRFCoordinatorV2Mock.sol":{"l":{},"path":"/home/ethan1elohim/hardhat-smartcontract-lottery/contracts/test/VRFCoordinatorV2Mock.sol","s":{},"b":{},"f":{},"fnMap":{},"statementMap":{},"branchMap":{}}}
