TN:
SF:/home/ethan1elohim/hardhat-smartcontract-lottery/contracts/Raffle.sol
FN:60,constructor
FN:71,enterRaffle
FN:91,checkUpkeep
FN:102,performUpkeep
FN:123,fulfillRandomWords
FN:142,getEntranceFee
FN:146,getPlayer
FN:150,getRecentWinner
FN:154,getRaffleState
FN:158,getNumWords
FN:162,getNumberOfPlayers
FN:166,getLatestTimeStamp
FN:170,getRequestConfirmations
FN:174,getInterval
FNF:14
FNH:8
FNDA:3,constructor
FNDA:5,enterRaffle
FNDA:1,checkUpkeep
FNDA:1,performUpkeep
FNDA:0,fulfillRandomWords
FNDA:5,getEntranceFee
FNDA:1,getPlayer
FNDA:0,getRecentWinner
FNDA:1,getRaffleState
FNDA:0,getNumWords
FNDA:0,getNumberOfPlayers
FNDA:0,getLatestTimeStamp
FNDA:0,getRequestConfirmations
FNDA:6,getInterval
DA:61,3
DA:62,3
DA:63,3
DA:64,3
DA:65,3
DA:66,3
DA:67,3
DA:68,3
DA:72,5
DA:73,1
DA:75,4
DA:76,1
DA:78,3
DA:79,3
DA:94,1
DA:95,1
DA:96,1
DA:97,1
DA:98,1
DA:99,1
DA:103,1
DA:104,1
DA:105,0
DA:112,1
DA:113,1
DA:120,1
DA:127,0
DA:128,0
DA:129,0
DA:130,0
DA:131,0
DA:132,0
DA:133,0
DA:135,0
DA:136,0
DA:138,0
DA:143,5
DA:147,1
DA:151,0
DA:155,1
DA:159,0
DA:163,0
DA:167,0
DA:171,0
DA:175,6
LF:45
LH:29
BRDA:72,1,0,1
BRDA:72,1,1,4
BRDA:75,2,0,1
BRDA:75,2,1,3
BRDA:104,3,0,0
BRDA:104,3,1,1
BRDA:135,4,0,0
BRDA:135,4,1,0
BRF:8
BRH:5
end_of_record
TN:
SF:/home/ethan1elohim/hardhat-smartcontract-lottery/contracts/test/VRFCoordinatorV2Mock.sol
FNF:0
FNH:0
LF:0
LH:0
BRF:0
BRH:0
end_of_record
